[0.930s] Invoking command in '/home/razanhmede/ros1hw_ws_razan/src/myros1package': PYTHONPATH=/home/razanhmede/ros1hw_ws_razan/src/myros1package/build/myros1package/prefix_override:/usr/lib/python3/dist-packages/colcon_core/task/python/colcon_distutils_commands:/home/razanhmede/ros1hw_ws_razan/src/myros1package/install/myros1package/lib/python3.10/site-packages:${PYTHONPATH} /usr/bin/python3 -W ignore:setup.py install is deprecated setup.py egg_info --egg-base build/myros1package build --build-base /home/razanhmede/ros1hw_ws_razan/src/myros1package/build/myros1package/build install --record /home/razanhmede/ros1hw_ws_razan/src/myros1package/build/myros1package/install.log --single-version-externally-managed install_data
[1.156s] running egg_info
[1.159s] creating build/myros1package/myros1package.egg-info
[1.159s] writing build/myros1package/myros1package.egg-info/PKG-INFO
[1.159s] writing dependency_links to build/myros1package/myros1package.egg-info/dependency_links.txt
[1.159s] writing entry points to build/myros1package/myros1package.egg-info/entry_points.txt
[1.159s] writing requirements to build/myros1package/myros1package.egg-info/requires.txt
[1.159s] writing top-level names to build/myros1package/myros1package.egg-info/top_level.txt
[1.159s] writing manifest file 'build/myros1package/myros1package.egg-info/SOURCES.txt'
[1.160s] reading manifest file 'build/myros1package/myros1package.egg-info/SOURCES.txt'
[1.160s] writing manifest file 'build/myros1package/myros1package.egg-info/SOURCES.txt'
[1.161s] running build
[1.161s] running build_py
[1.161s] creating /home/razanhmede/ros1hw_ws_razan/src/myros1package/build/myros1package/build
[1.161s] creating /home/razanhmede/ros1hw_ws_razan/src/myros1package/build/myros1package/build/lib
[1.161s] creating /home/razanhmede/ros1hw_ws_razan/src/myros1package/build/myros1package/build/lib/myros1package
[1.161s] copying myros1package/temperature_publisher.py -> /home/razanhmede/ros1hw_ws_razan/src/myros1package/build/myros1package/build/lib/myros1package
[1.162s] copying myros1package/threshold_subscriber.py -> /home/razanhmede/ros1hw_ws_razan/src/myros1package/build/myros1package/build/lib/myros1package
[1.162s] copying myros1package/__init__.py -> /home/razanhmede/ros1hw_ws_razan/src/myros1package/build/myros1package/build/lib/myros1package
[1.162s] copying myros1package/alert_publisher.py -> /home/razanhmede/ros1hw_ws_razan/src/myros1package/build/myros1package/build/lib/myros1package
[1.162s] running install
[1.162s] running install_lib
[1.163s] creating /home/razanhmede/ros1hw_ws_razan/src/myros1package/install/myros1package/lib/python3.10/site-packages/myros1package
[1.163s] copying /home/razanhmede/ros1hw_ws_razan/src/myros1package/build/myros1package/build/lib/myros1package/temperature_publisher.py -> /home/razanhmede/ros1hw_ws_razan/src/myros1package/install/myros1package/lib/python3.10/site-packages/myros1package
[1.163s] copying /home/razanhmede/ros1hw_ws_razan/src/myros1package/build/myros1package/build/lib/myros1package/threshold_subscriber.py -> /home/razanhmede/ros1hw_ws_razan/src/myros1package/install/myros1package/lib/python3.10/site-packages/myros1package
[1.163s] copying /home/razanhmede/ros1hw_ws_razan/src/myros1package/build/myros1package/build/lib/myros1package/__init__.py -> /home/razanhmede/ros1hw_ws_razan/src/myros1package/install/myros1package/lib/python3.10/site-packages/myros1package
[1.163s] copying /home/razanhmede/ros1hw_ws_razan/src/myros1package/build/myros1package/build/lib/myros1package/alert_publisher.py -> /home/razanhmede/ros1hw_ws_razan/src/myros1package/install/myros1package/lib/python3.10/site-packages/myros1package
[1.163s] byte-compiling /home/razanhmede/ros1hw_ws_razan/src/myros1package/install/myros1package/lib/python3.10/site-packages/myros1package/temperature_publisher.py to temperature_publisher.cpython-310.pyc
[1.164s] byte-compiling /home/razanhmede/ros1hw_ws_razan/src/myros1package/install/myros1package/lib/python3.10/site-packages/myros1package/threshold_subscriber.py to threshold_subscriber.cpython-310.pyc
[1.164s] byte-compiling /home/razanhmede/ros1hw_ws_razan/src/myros1package/install/myros1package/lib/python3.10/site-packages/myros1package/__init__.py to __init__.cpython-310.pyc
[1.165s] byte-compiling /home/razanhmede/ros1hw_ws_razan/src/myros1package/install/myros1package/lib/python3.10/site-packages/myros1package/alert_publisher.py to alert_publisher.cpython-310.pyc
[1.165s] running install_data
[1.165s] copying package.xml -> /home/razanhmede/ros1hw_ws_razan/src/myros1package/install/myros1package/share/myros1package
[1.165s] creating /home/razanhmede/ros1hw_ws_razan/src/myros1package/install/myros1package/share/myros1package/launch
[1.165s] copying launch/temperaturemonitorlaunch.py -> /home/razanhmede/ros1hw_ws_razan/src/myros1package/install/myros1package/share/myros1package/launch
[1.165s] running install_egg_info
[1.167s] Copying build/myros1package/myros1package.egg-info to /home/razanhmede/ros1hw_ws_razan/src/myros1package/install/myros1package/lib/python3.10/site-packages/myros1package-0.0.0-py3.10.egg-info
[1.168s] running install_scripts
[1.189s] Installing alert_publisher script to /home/razanhmede/ros1hw_ws_razan/src/myros1package/install/myros1package/lib/myros1package
[1.189s] Installing temperature_publisher script to /home/razanhmede/ros1hw_ws_razan/src/myros1package/install/myros1package/lib/myros1package
[1.189s] Installing threshold_subscriber script to /home/razanhmede/ros1hw_ws_razan/src/myros1package/install/myros1package/lib/myros1package
[1.189s] writing list of installed files to '/home/razanhmede/ros1hw_ws_razan/src/myros1package/build/myros1package/install.log'
[1.214s] Invoked command in '/home/razanhmede/ros1hw_ws_razan/src/myros1package' returned '0': PYTHONPATH=/home/razanhmede/ros1hw_ws_razan/src/myros1package/build/myros1package/prefix_override:/usr/lib/python3/dist-packages/colcon_core/task/python/colcon_distutils_commands:/home/razanhmede/ros1hw_ws_razan/src/myros1package/install/myros1package/lib/python3.10/site-packages:${PYTHONPATH} /usr/bin/python3 -W ignore:setup.py install is deprecated setup.py egg_info --egg-base build/myros1package build --build-base /home/razanhmede/ros1hw_ws_razan/src/myros1package/build/myros1package/build install --record /home/razanhmede/ros1hw_ws_razan/src/myros1package/build/myros1package/install.log --single-version-externally-managed install_data
