[0.619s] Invoking command in '/home/razanhmede/ros1hw_ws_razan/src/myros1package': PYTHONPATH=/home/razanhmede/ros1hw_ws_razan/build/myros1package/prefix_override:/usr/lib/python3/dist-packages/colcon_core/task/python/colcon_distutils_commands:/home/razanhmede/ros1hw_ws_razan/install/myros1package/lib/python3.10/site-packages:${PYTHONPATH} /usr/bin/python3 -W ignore:setup.py install is deprecated setup.py egg_info --egg-base ../../build/myros1package build --build-base /home/razanhmede/ros1hw_ws_razan/build/myros1package/build install --record /home/razanhmede/ros1hw_ws_razan/build/myros1package/install.log --single-version-externally-managed install_data
[0.870s] running egg_info
[0.871s] writing ../../build/myros1package/myros1package.egg-info/PKG-INFO
[0.872s] writing dependency_links to ../../build/myros1package/myros1package.egg-info/dependency_links.txt
[0.872s] writing entry points to ../../build/myros1package/myros1package.egg-info/entry_points.txt
[0.873s] writing requirements to ../../build/myros1package/myros1package.egg-info/requires.txt
[0.873s] writing top-level names to ../../build/myros1package/myros1package.egg-info/top_level.txt
[0.877s] reading manifest file '../../build/myros1package/myros1package.egg-info/SOURCES.txt'
[0.878s] writing manifest file '../../build/myros1package/myros1package.egg-info/SOURCES.txt'
[0.878s] running build
[0.878s] running build_py
[0.878s] copying myros1package/threshold_subscriber.py -> /home/razanhmede/ros1hw_ws_razan/build/myros1package/build/lib/myros1package
[0.879s] running install
[0.880s] running install_lib
[0.881s] copying /home/razanhmede/ros1hw_ws_razan/build/myros1package/build/lib/myros1package/threshold_subscriber.py -> /home/razanhmede/ros1hw_ws_razan/install/myros1package/lib/python3.10/site-packages/myros1package
[0.882s] byte-compiling /home/razanhmede/ros1hw_ws_razan/install/myros1package/lib/python3.10/site-packages/myros1package/threshold_subscriber.py to threshold_subscriber.cpython-310.pyc
[0.883s] running install_data
[0.883s] running install_egg_info
[0.885s] removing '/home/razanhmede/ros1hw_ws_razan/install/myros1package/lib/python3.10/site-packages/myros1package-0.0.0-py3.10.egg-info' (and everything under it)
[0.886s] Copying ../../build/myros1package/myros1package.egg-info to /home/razanhmede/ros1hw_ws_razan/install/myros1package/lib/python3.10/site-packages/myros1package-0.0.0-py3.10.egg-info
[0.887s] running install_scripts
[0.907s] Installing alert_publisher script to /home/razanhmede/ros1hw_ws_razan/install/myros1package/lib/myros1package
[0.907s] Installing temperature_publisher script to /home/razanhmede/ros1hw_ws_razan/install/myros1package/lib/myros1package
[0.907s] Installing threshold_subscriber script to /home/razanhmede/ros1hw_ws_razan/install/myros1package/lib/myros1package
[0.909s] writing list of installed files to '/home/razanhmede/ros1hw_ws_razan/build/myros1package/install.log'
[0.935s] Invoked command in '/home/razanhmede/ros1hw_ws_razan/src/myros1package' returned '0': PYTHONPATH=/home/razanhmede/ros1hw_ws_razan/build/myros1package/prefix_override:/usr/lib/python3/dist-packages/colcon_core/task/python/colcon_distutils_commands:/home/razanhmede/ros1hw_ws_razan/install/myros1package/lib/python3.10/site-packages:${PYTHONPATH} /usr/bin/python3 -W ignore:setup.py install is deprecated setup.py egg_info --egg-base ../../build/myros1package build --build-base /home/razanhmede/ros1hw_ws_razan/build/myros1package/build install --record /home/razanhmede/ros1hw_ws_razan/build/myros1package/install.log --single-version-externally-managed install_data
