running egg_info
creating ../../build/myros1package/myros1package.egg-info
writing ../../build/myros1package/myros1package.egg-info/PKG-INFO
writing dependency_links to ../../build/myros1package/myros1package.egg-info/dependency_links.txt
writing entry points to ../../build/myros1package/myros1package.egg-info/entry_points.txt
writing requirements to ../../build/myros1package/myros1package.egg-info/requires.txt
writing top-level names to ../../build/myros1package/myros1package.egg-info/top_level.txt
writing manifest file '../../build/myros1package/myros1package.egg-info/SOURCES.txt'
reading manifest file '../../build/myros1package/myros1package.egg-info/SOURCES.txt'
writing manifest file '../../build/myros1package/myros1package.egg-info/SOURCES.txt'
running build
running build_py
creating /home/razanhmede/ros1hw_ws/build/myros1package/build
creating /home/razanhmede/ros1hw_ws/build/myros1package/build/lib
creating /home/razanhmede/ros1hw_ws/build/myros1package/build/lib/myros1package
copying myros1package/__init__.py -> /home/razanhmede/ros1hw_ws/build/myros1package/build/lib/myros1package
running install
running install_lib
creating /home/razanhmede/ros1hw_ws/install/myros1package/lib/python3.10/site-packages/myros1package
copying /home/razanhmede/ros1hw_ws/build/myros1package/build/lib/myros1package/__init__.py -> /home/razanhmede/ros1hw_ws/install/myros1package/lib/python3.10/site-packages/myros1package
byte-compiling /home/razanhmede/ros1hw_ws/install/myros1package/lib/python3.10/site-packages/myros1package/__init__.py to __init__.cpython-310.pyc
running install_data
creating /home/razanhmede/ros1hw_ws/install/myros1package/share/ament_index
creating /home/razanhmede/ros1hw_ws/install/myros1package/share/ament_index/resource_index
creating /home/razanhmede/ros1hw_ws/install/myros1package/share/ament_index/resource_index/packages
copying resource/myros1package -> /home/razanhmede/ros1hw_ws/install/myros1package/share/ament_index/resource_index/packages
copying package.xml -> /home/razanhmede/ros1hw_ws/install/myros1package/share/myros1package
running install_egg_info
Copying ../../build/myros1package/myros1package.egg-info to /home/razanhmede/ros1hw_ws/install/myros1package/lib/python3.10/site-packages/myros1package-0.0.0-py3.10.egg-info
running install_scripts
writing list of installed files to '/home/razanhmede/ros1hw_ws/build/myros1package/install.log'
