[0.597s] Invoking command in '/home/razanhmede/ros1hw_ws_razan/rosassignment1/src/myros1package': PYTHONPATH=/home/razanhmede/ros1hw_ws_razan/rosassignment1/build/myros1package/prefix_override:/usr/lib/python3/dist-packages/colcon_core/task/python/colcon_distutils_commands:/home/razanhmede/ros1hw_ws_razan/rosassignment1/install/myros1package/lib/python3.10/site-packages:${PYTHONPATH} /usr/bin/python3 -W ignore:setup.py install is deprecated setup.py egg_info --egg-base ../../build/myros1package build --build-base /home/razanhmede/ros1hw_ws_razan/rosassignment1/build/myros1package/build install --record /home/razanhmede/ros1hw_ws_razan/rosassignment1/build/myros1package/install.log --single-version-externally-managed install_data
[0.825s] running egg_info
[0.826s] writing ../../build/myros1package/myros1package.egg-info/PKG-INFO
[0.827s] writing dependency_links to ../../build/myros1package/myros1package.egg-info/dependency_links.txt
[0.828s] writing entry points to ../../build/myros1package/myros1package.egg-info/entry_points.txt
[0.829s] writing requirements to ../../build/myros1package/myros1package.egg-info/requires.txt
[0.830s] writing top-level names to ../../build/myros1package/myros1package.egg-info/top_level.txt
[0.832s] reading manifest file '../../build/myros1package/myros1package.egg-info/SOURCES.txt'
[0.834s] writing manifest file '../../build/myros1package/myros1package.egg-info/SOURCES.txt'
[0.834s] running build
[0.835s] running build_py
[0.837s] running install
[0.840s] running install_lib
[0.841s] running install_data
[0.842s] running install_egg_info
[0.844s] removing '/home/razanhmede/ros1hw_ws_razan/rosassignment1/install/myros1package/lib/python3.10/site-packages/myros1package-0.0.0-py3.10.egg-info' (and everything under it)
[0.847s] Copying ../../build/myros1package/myros1package.egg-info to /home/razanhmede/ros1hw_ws_razan/rosassignment1/install/myros1package/lib/python3.10/site-packages/myros1package-0.0.0-py3.10.egg-info
[0.850s] running install_scripts
[0.868s] Installing alert_publisher script to /home/razanhmede/ros1hw_ws_razan/rosassignment1/install/myros1package/lib/myros1package
[0.868s] Installing temperature_logger script to /home/razanhmede/ros1hw_ws_razan/rosassignment1/install/myros1package/lib/myros1package
[0.869s] Installing temperature_publisher script to /home/razanhmede/ros1hw_ws_razan/rosassignment1/install/myros1package/lib/myros1package
[0.869s] Installing threshold_subscriber script to /home/razanhmede/ros1hw_ws_razan/rosassignment1/install/myros1package/lib/myros1package
[0.870s] writing list of installed files to '/home/razanhmede/ros1hw_ws_razan/rosassignment1/build/myros1package/install.log'
[0.893s] Invoked command in '/home/razanhmede/ros1hw_ws_razan/rosassignment1/src/myros1package' returned '0': PYTHONPATH=/home/razanhmede/ros1hw_ws_razan/rosassignment1/build/myros1package/prefix_override:/usr/lib/python3/dist-packages/colcon_core/task/python/colcon_distutils_commands:/home/razanhmede/ros1hw_ws_razan/rosassignment1/install/myros1package/lib/python3.10/site-packages:${PYTHONPATH} /usr/bin/python3 -W ignore:setup.py install is deprecated setup.py egg_info --egg-base ../../build/myros1package build --build-base /home/razanhmede/ros1hw_ws_razan/rosassignment1/build/myros1package/build install --record /home/razanhmede/ros1hw_ws_razan/rosassignment1/build/myros1package/install.log --single-version-externally-managed install_data
