[0.656s] Invoking command in '/home/razanhmede/ros1hw_ws_razan/src/myros1package': PYTHONPATH=/home/razanhmede/ros1hw_ws_razan/build/myros1package/prefix_override:/usr/lib/python3/dist-packages/colcon_core/task/python/colcon_distutils_commands:/home/razanhmede/ros1hw_ws_razan/install/myros1package/lib/python3.10/site-packages:${PYTHONPATH} /usr/bin/python3 -W ignore:setup.py install is deprecated setup.py egg_info --egg-base ../../build/myros1package build --build-base /home/razanhmede/ros1hw_ws_razan/build/myros1package/build install --record /home/razanhmede/ros1hw_ws_razan/build/myros1package/install.log --single-version-externally-managed install_data
[0.899s] running egg_info
[0.901s] writing ../../build/myros1package/myros1package.egg-info/PKG-INFO
[0.901s] writing dependency_links to ../../build/myros1package/myros1package.egg-info/dependency_links.txt
[0.902s] writing entry points to ../../build/myros1package/myros1package.egg-info/entry_points.txt
[0.902s] writing requirements to ../../build/myros1package/myros1package.egg-info/requires.txt
[0.903s] writing top-level names to ../../build/myros1package/myros1package.egg-info/top_level.txt
[0.904s] reading manifest file '../../build/myros1package/myros1package.egg-info/SOURCES.txt'
[0.906s] writing manifest file '../../build/myros1package/myros1package.egg-info/SOURCES.txt'
[0.906s] running build
[0.906s] running build_py
[0.907s] copying myros1package/temperature_publisher.py -> /home/razanhmede/ros1hw_ws_razan/build/myros1package/build/lib/myros1package
[0.907s] copying myros1package/threshold_subscriber.py -> /home/razanhmede/ros1hw_ws_razan/build/myros1package/build/lib/myros1package
[0.907s] copying myros1package/alert_publisher.py -> /home/razanhmede/ros1hw_ws_razan/build/myros1package/build/lib/myros1package
[0.907s] running install
[0.907s] running install_lib
[0.910s] copying /home/razanhmede/ros1hw_ws_razan/build/myros1package/build/lib/myros1package/temperature_publisher.py -> /home/razanhmede/ros1hw_ws_razan/install/myros1package/lib/python3.10/site-packages/myros1package
[0.910s] copying /home/razanhmede/ros1hw_ws_razan/build/myros1package/build/lib/myros1package/threshold_subscriber.py -> /home/razanhmede/ros1hw_ws_razan/install/myros1package/lib/python3.10/site-packages/myros1package
[0.910s] copying /home/razanhmede/ros1hw_ws_razan/build/myros1package/build/lib/myros1package/alert_publisher.py -> /home/razanhmede/ros1hw_ws_razan/install/myros1package/lib/python3.10/site-packages/myros1package
[0.911s] byte-compiling /home/razanhmede/ros1hw_ws_razan/install/myros1package/lib/python3.10/site-packages/myros1package/temperature_publisher.py to temperature_publisher.cpython-310.pyc
[0.911s] byte-compiling /home/razanhmede/ros1hw_ws_razan/install/myros1package/lib/python3.10/site-packages/myros1package/threshold_subscriber.py to threshold_subscriber.cpython-310.pyc
[0.911s] byte-compiling /home/razanhmede/ros1hw_ws_razan/install/myros1package/lib/python3.10/site-packages/myros1package/alert_publisher.py to alert_publisher.cpython-310.pyc
[0.911s] running install_data
[0.911s] running install_egg_info
[0.911s] removing '/home/razanhmede/ros1hw_ws_razan/install/myros1package/lib/python3.10/site-packages/myros1package-0.0.0-py3.10.egg-info' (and everything under it)
[0.911s] Copying ../../build/myros1package/myros1package.egg-info to /home/razanhmede/ros1hw_ws_razan/install/myros1package/lib/python3.10/site-packages/myros1package-0.0.0-py3.10.egg-info
[0.911s] running install_scripts
[0.934s] Installing temperature_publisher script to /home/razanhmede/ros1hw_ws_razan/install/myros1package/lib/myros1package
[0.934s] writing list of installed files to '/home/razanhmede/ros1hw_ws_razan/build/myros1package/install.log'
[0.966s] Invoked command in '/home/razanhmede/ros1hw_ws_razan/src/myros1package' returned '0': PYTHONPATH=/home/razanhmede/ros1hw_ws_razan/build/myros1package/prefix_override:/usr/lib/python3/dist-packages/colcon_core/task/python/colcon_distutils_commands:/home/razanhmede/ros1hw_ws_razan/install/myros1package/lib/python3.10/site-packages:${PYTHONPATH} /usr/bin/python3 -W ignore:setup.py install is deprecated setup.py egg_info --egg-base ../../build/myros1package build --build-base /home/razanhmede/ros1hw_ws_razan/build/myros1package/build install --record /home/razanhmede/ros1hw_ws_razan/build/myros1package/install.log --single-version-externally-managed install_data
