[0.629s] Invoking command in '/home/razanhmede/ros1hw_ws_razan/src/myros1package': PYTHONPATH=/home/razanhmede/ros1hw_ws_razan/src/myros1package/build/myros1package/prefix_override:/usr/lib/python3/dist-packages/colcon_core/task/python/colcon_distutils_commands:/home/razanhmede/ros1hw_ws_razan/src/myros1package/install/myros1package/lib/python3.10/site-packages:${PYTHONPATH} /usr/bin/python3 -W ignore:setup.py install is deprecated setup.py egg_info --egg-base build/myros1package build --build-base /home/razanhmede/ros1hw_ws_razan/src/myros1package/build/myros1package/build install --record /home/razanhmede/ros1hw_ws_razan/src/myros1package/build/myros1package/install.log --single-version-externally-managed install_data
[0.863s] running egg_info
[0.864s] writing build/myros1package/myros1package.egg-info/PKG-INFO
[0.865s] writing dependency_links to build/myros1package/myros1package.egg-info/dependency_links.txt
[0.865s] writing entry points to build/myros1package/myros1package.egg-info/entry_points.txt
[0.866s] writing requirements to build/myros1package/myros1package.egg-info/requires.txt
[0.867s] writing top-level names to build/myros1package/myros1package.egg-info/top_level.txt
[0.870s] reading manifest file 'build/myros1package/myros1package.egg-info/SOURCES.txt'
[0.871s] writing manifest file 'build/myros1package/myros1package.egg-info/SOURCES.txt'
[0.872s] running build
[0.872s] running build_py
[0.873s] copying myros1package/temperature_logger.py -> /home/razanhmede/ros1hw_ws_razan/src/myros1package/build/myros1package/build/lib/myros1package
[0.873s] running install
[0.874s] running install_lib
[0.875s] copying /home/razanhmede/ros1hw_ws_razan/src/myros1package/build/myros1package/build/lib/myros1package/temperature_logger.py -> /home/razanhmede/ros1hw_ws_razan/src/myros1package/install/myros1package/lib/python3.10/site-packages/myros1package
[0.876s] byte-compiling /home/razanhmede/ros1hw_ws_razan/src/myros1package/install/myros1package/lib/python3.10/site-packages/myros1package/temperature_logger.py to temperature_logger.cpython-310.pyc
[0.877s] running install_data
[0.877s] running install_egg_info
[0.879s] removing '/home/razanhmede/ros1hw_ws_razan/src/myros1package/install/myros1package/lib/python3.10/site-packages/myros1package-0.0.0-py3.10.egg-info' (and everything under it)
[0.880s] Copying build/myros1package/myros1package.egg-info to /home/razanhmede/ros1hw_ws_razan/src/myros1package/install/myros1package/lib/python3.10/site-packages/myros1package-0.0.0-py3.10.egg-info
[0.881s] running install_scripts
[0.901s] Installing alert_publisher=myros1package.alert_publisher:maintemperature_logger script to /home/razanhmede/ros1hw_ws_razan/src/myros1package/install/myros1package/lib/myros1package
[0.902s] Installing temperature_publisher script to /home/razanhmede/ros1hw_ws_razan/src/myros1package/install/myros1package/lib/myros1package
[0.903s] Installing threshold_subscriber script to /home/razanhmede/ros1hw_ws_razan/src/myros1package/install/myros1package/lib/myros1package
[0.904s] writing list of installed files to '/home/razanhmede/ros1hw_ws_razan/src/myros1package/build/myros1package/install.log'
[0.928s] Invoked command in '/home/razanhmede/ros1hw_ws_razan/src/myros1package' returned '0': PYTHONPATH=/home/razanhmede/ros1hw_ws_razan/src/myros1package/build/myros1package/prefix_override:/usr/lib/python3/dist-packages/colcon_core/task/python/colcon_distutils_commands:/home/razanhmede/ros1hw_ws_razan/src/myros1package/install/myros1package/lib/python3.10/site-packages:${PYTHONPATH} /usr/bin/python3 -W ignore:setup.py install is deprecated setup.py egg_info --egg-base build/myros1package build --build-base /home/razanhmede/ros1hw_ws_razan/src/myros1package/build/myros1package/build install --record /home/razanhmede/ros1hw_ws_razan/src/myros1package/build/myros1package/install.log --single-version-externally-managed install_data
