/home/razanhmede/ros1hw_ws_razan/rosassignment1/install/myros1package/lib/python3.10/site-packages/myros1package/temperature_publisher.py
/home/razanhmede/ros1hw_ws_razan/rosassignment1/install/myros1package/lib/python3.10/site-packages/myros1package/threshold_subscriber.py
/home/razanhmede/ros1hw_ws_razan/rosassignment1/install/myros1package/lib/python3.10/site-packages/myros1package/__init__.py
/home/razanhmede/ros1hw_ws_razan/rosassignment1/install/myros1package/lib/python3.10/site-packages/myros1package/temperature_logger.py
/home/razanhmede/ros1hw_ws_razan/rosassignment1/install/myros1package/lib/python3.10/site-packages/myros1package/alert_publisher.py
/home/razanhmede/ros1hw_ws_razan/rosassignment1/install/myros1package/lib/python3.10/site-packages/myros1package/__pycache__/temperature_publisher.cpython-310.pyc
/home/razanhmede/ros1hw_ws_razan/rosassignment1/install/myros1package/lib/python3.10/site-packages/myros1package/__pycache__/threshold_subscriber.cpython-310.pyc
/home/razanhmede/ros1hw_ws_razan/rosassignment1/install/myros1package/lib/python3.10/site-packages/myros1package/__pycache__/__init__.cpython-310.pyc
/home/razanhmede/ros1hw_ws_razan/rosassignment1/install/myros1package/lib/python3.10/site-packages/myros1package/__pycache__/temperature_logger.cpython-310.pyc
/home/razanhmede/ros1hw_ws_razan/rosassignment1/install/myros1package/lib/python3.10/site-packages/myros1package/__pycache__/alert_publisher.cpython-310.pyc
/home/razanhmede/ros1hw_ws_razan/rosassignment1/install/myros1package/share/ament_index/resource_index/packages/myros1package
/home/razanhmede/ros1hw_ws_razan/rosassignment1/install/myros1package/share/myros1package/package.xml
/home/razanhmede/ros1hw_ws_razan/rosassignment1/install/myros1package/share/myros1package/launch
/home/razanhmede/ros1hw_ws_razan/rosassignment1/install/myros1package/lib/python3.10/site-packages/myros1package-0.0.0-py3.10.egg-info/PKG-INFO
/home/razanhmede/ros1hw_ws_razan/rosassignment1/install/myros1package/lib/python3.10/site-packages/myros1package-0.0.0-py3.10.egg-info/entry_points.txt
/home/razanhmede/ros1hw_ws_razan/rosassignment1/install/myros1package/lib/python3.10/site-packages/myros1package-0.0.0-py3.10.egg-info/requires.txt
/home/razanhmede/ros1hw_ws_razan/rosassignment1/install/myros1package/lib/python3.10/site-packages/myros1package-0.0.0-py3.10.egg-info/zip-safe
/home/razanhmede/ros1hw_ws_razan/rosassignment1/install/myros1package/lib/python3.10/site-packages/myros1package-0.0.0-py3.10.egg-info/SOURCES.txt
/home/razanhmede/ros1hw_ws_razan/rosassignment1/install/myros1package/lib/python3.10/site-packages/myros1package-0.0.0-py3.10.egg-info/top_level.txt
/home/razanhmede/ros1hw_ws_razan/rosassignment1/install/myros1package/lib/python3.10/site-packages/myros1package-0.0.0-py3.10.egg-info/dependency_links.txt
/home/razanhmede/ros1hw_ws_razan/rosassignment1/install/myros1package/lib/myros1package/alert_publisher
/home/razanhmede/ros1hw_ws_razan/rosassignment1/install/myros1package/lib/myros1package/temperature_logger
/home/razanhmede/ros1hw_ws_razan/rosassignment1/install/myros1package/lib/myros1package/temperature_publisher
/home/razanhmede/ros1hw_ws_razan/rosassignment1/install/myros1package/lib/myros1package/threshold_subscriber
