[0.616s] Invoking command in '/home/razanhmede/ros1hw_ws_razan/src/myros1package': PYTHONPATH=/home/razanhmede/ros1hw_ws_razan/build/myros1package/prefix_override:/usr/lib/python3/dist-packages/colcon_core/task/python/colcon_distutils_commands:/home/razanhmede/ros1hw_ws_razan/install/myros1package/lib/python3.10/site-packages:${PYTHONPATH} /usr/bin/python3 -W ignore:setup.py install is deprecated setup.py egg_info --egg-base ../../build/myros1package build --build-base /home/razanhmede/ros1hw_ws_razan/build/myros1package/build install --record /home/razanhmede/ros1hw_ws_razan/build/myros1package/install.log --single-version-externally-managed install_data
[0.854s] running egg_info
[0.855s] writing ../../build/myros1package/myros1package.egg-info/PKG-INFO
[0.855s] writing dependency_links to ../../build/myros1package/myros1package.egg-info/dependency_links.txt
[0.856s] writing entry points to ../../build/myros1package/myros1package.egg-info/entry_points.txt
[0.856s] writing requirements to ../../build/myros1package/myros1package.egg-info/requires.txt
[0.856s] writing top-level names to ../../build/myros1package/myros1package.egg-info/top_level.txt
[0.858s] reading manifest file '../../build/myros1package/myros1package.egg-info/SOURCES.txt'
[0.859s] writing manifest file '../../build/myros1package/myros1package.egg-info/SOURCES.txt'
[0.859s] running build
[0.859s] running build_py
[0.859s] running install
[0.860s] running install_lib
[0.861s] running install_data
[0.861s] running install_egg_info
[0.863s] removing '/home/razanhmede/ros1hw_ws_razan/install/myros1package/lib/python3.10/site-packages/myros1package-0.0.0-py3.10.egg-info' (and everything under it)
[0.863s] Copying ../../build/myros1package/myros1package.egg-info to /home/razanhmede/ros1hw_ws_razan/install/myros1package/lib/python3.10/site-packages/myros1package-0.0.0-py3.10.egg-info
[0.864s] running install_scripts
[0.884s] writing list of installed files to '/home/razanhmede/ros1hw_ws_razan/build/myros1package/install.log'
[0.909s] Invoked command in '/home/razanhmede/ros1hw_ws_razan/src/myros1package' returned '0': PYTHONPATH=/home/razanhmede/ros1hw_ws_razan/build/myros1package/prefix_override:/usr/lib/python3/dist-packages/colcon_core/task/python/colcon_distutils_commands:/home/razanhmede/ros1hw_ws_razan/install/myros1package/lib/python3.10/site-packages:${PYTHONPATH} /usr/bin/python3 -W ignore:setup.py install is deprecated setup.py egg_info --egg-base ../../build/myros1package build --build-base /home/razanhmede/ros1hw_ws_razan/build/myros1package/build install --record /home/razanhmede/ros1hw_ws_razan/build/myros1package/install.log --single-version-externally-managed install_data
