[0.683s] Invoking command in '/home/razanhmede/ros1hw_ws_razan/rosassignment1/src/myros1package': PYTHONPATH=/home/razanhmede/ros1hw_ws_razan/rosassignment1/build/myros1package/prefix_override:/usr/lib/python3/dist-packages/colcon_core/task/python/colcon_distutils_commands:/home/razanhmede/ros1hw_ws_razan/rosassignment1/install/myros1package/lib/python3.10/site-packages:${PYTHONPATH} /usr/bin/python3 -W ignore:setup.py install is deprecated setup.py egg_info --egg-base ../../build/myros1package build --build-base /home/razanhmede/ros1hw_ws_razan/rosassignment1/build/myros1package/build install --record /home/razanhmede/ros1hw_ws_razan/rosassignment1/build/myros1package/install.log --single-version-externally-managed install_data
[0.930s] running egg_info
[0.935s] writing ../../build/myros1package/myros1package.egg-info/PKG-INFO
[0.935s] writing dependency_links to ../../build/myros1package/myros1package.egg-info/dependency_links.txt
[0.935s] writing entry points to ../../build/myros1package/myros1package.egg-info/entry_points.txt
[0.937s] writing requirements to ../../build/myros1package/myros1package.egg-info/requires.txt
[0.937s] writing top-level names to ../../build/myros1package/myros1package.egg-info/top_level.txt
[0.938s] reading manifest file '../../build/myros1package/myros1package.egg-info/SOURCES.txt'
[0.939s] writing manifest file '../../build/myros1package/myros1package.egg-info/SOURCES.txt'
[0.940s] running build
[0.940s] running build_py
[0.941s] copying myros1package/temperature_logger.py -> /home/razanhmede/ros1hw_ws_razan/rosassignment1/build/myros1package/build/lib/myros1package
[0.941s] running install
[0.941s] running install_lib
[0.944s] copying /home/razanhmede/ros1hw_ws_razan/rosassignment1/build/myros1package/build/lib/myros1package/temperature_logger.py -> /home/razanhmede/ros1hw_ws_razan/rosassignment1/install/myros1package/lib/python3.10/site-packages/myros1package
[0.944s] byte-compiling /home/razanhmede/ros1hw_ws_razan/rosassignment1/install/myros1package/lib/python3.10/site-packages/myros1package/temperature_logger.py to temperature_logger.cpython-310.pyc
[0.944s] running install_data
[0.944s] running install_egg_info
[0.948s] removing '/home/razanhmede/ros1hw_ws_razan/rosassignment1/install/myros1package/lib/python3.10/site-packages/myros1package-0.0.0-py3.10.egg-info' (and everything under it)
[0.948s] Copying ../../build/myros1package/myros1package.egg-info to /home/razanhmede/ros1hw_ws_razan/rosassignment1/install/myros1package/lib/python3.10/site-packages/myros1package-0.0.0-py3.10.egg-info
[0.948s] running install_scripts
[0.970s] Installing alert_publisher script to /home/razanhmede/ros1hw_ws_razan/rosassignment1/install/myros1package/lib/myros1package
[0.970s] Installing temperature_logger script to /home/razanhmede/ros1hw_ws_razan/rosassignment1/install/myros1package/lib/myros1package
[0.970s] Installing temperature_publisher script to /home/razanhmede/ros1hw_ws_razan/rosassignment1/install/myros1package/lib/myros1package
[0.970s] Installing threshold_subscriber script to /home/razanhmede/ros1hw_ws_razan/rosassignment1/install/myros1package/lib/myros1package
[0.971s] writing list of installed files to '/home/razanhmede/ros1hw_ws_razan/rosassignment1/build/myros1package/install.log'
[0.996s] Invoked command in '/home/razanhmede/ros1hw_ws_razan/rosassignment1/src/myros1package' returned '0': PYTHONPATH=/home/razanhmede/ros1hw_ws_razan/rosassignment1/build/myros1package/prefix_override:/usr/lib/python3/dist-packages/colcon_core/task/python/colcon_distutils_commands:/home/razanhmede/ros1hw_ws_razan/rosassignment1/install/myros1package/lib/python3.10/site-packages:${PYTHONPATH} /usr/bin/python3 -W ignore:setup.py install is deprecated setup.py egg_info --egg-base ../../build/myros1package build --build-base /home/razanhmede/ros1hw_ws_razan/rosassignment1/build/myros1package/build install --record /home/razanhmede/ros1hw_ws_razan/rosassignment1/build/myros1package/install.log --single-version-externally-managed install_data
