[0.615s] Invoking command in '/home/razanhmede/ros1hw_ws_razan/rosassignment1/src/myros1package': PYTHONPATH=/home/razanhmede/ros1hw_ws_razan/rosassignment1/build/myros1package/prefix_override:/usr/lib/python3/dist-packages/colcon_core/task/python/colcon_distutils_commands:/home/razanhmede/ros1hw_ws_razan/rosassignment1/install/myros1package/lib/python3.10/site-packages:${PYTHONPATH} /usr/bin/python3 -W ignore:setup.py install is deprecated setup.py egg_info --egg-base ../../build/myros1package build --build-base /home/razanhmede/ros1hw_ws_razan/rosassignment1/build/myros1package/build install --record /home/razanhmede/ros1hw_ws_razan/rosassignment1/build/myros1package/install.log --single-version-externally-managed install_data
[0.855s] running egg_info
[0.856s] writing ../../build/myros1package/myros1package.egg-info/PKG-INFO
[0.856s] writing dependency_links to ../../build/myros1package/myros1package.egg-info/dependency_links.txt
[0.857s] writing entry points to ../../build/myros1package/myros1package.egg-info/entry_points.txt
[0.857s] writing requirements to ../../build/myros1package/myros1package.egg-info/requires.txt
[0.857s] writing top-level names to ../../build/myros1package/myros1package.egg-info/top_level.txt
[0.860s] reading manifest file '../../build/myros1package/myros1package.egg-info/SOURCES.txt'
[0.861s] writing manifest file '../../build/myros1package/myros1package.egg-info/SOURCES.txt'
[0.862s] running build
[0.862s] running build_py
[0.863s] running install
[0.864s] running install_lib
[0.865s] running install_data
[0.865s] running install_egg_info
[0.867s] removing '/home/razanhmede/ros1hw_ws_razan/rosassignment1/install/myros1package/lib/python3.10/site-packages/myros1package-0.0.0-py3.10.egg-info' (and everything under it)
[0.867s] Copying ../../build/myros1package/myros1package.egg-info to /home/razanhmede/ros1hw_ws_razan/rosassignment1/install/myros1package/lib/python3.10/site-packages/myros1package-0.0.0-py3.10.egg-info
[0.869s] running install_scripts
[0.891s] Installing alert_publisher script to /home/razanhmede/ros1hw_ws_razan/rosassignment1/install/myros1package/lib/myros1package
[0.892s] Installing temperature_logger script to /home/razanhmede/ros1hw_ws_razan/rosassignment1/install/myros1package/lib/myros1package
[0.892s] Installing temperature_publisher script to /home/razanhmede/ros1hw_ws_razan/rosassignment1/install/myros1package/lib/myros1package
[0.892s] Installing threshold_subscriber script to /home/razanhmede/ros1hw_ws_razan/rosassignment1/install/myros1package/lib/myros1package
[0.892s] writing list of installed files to '/home/razanhmede/ros1hw_ws_razan/rosassignment1/build/myros1package/install.log'
[0.920s] Invoked command in '/home/razanhmede/ros1hw_ws_razan/rosassignment1/src/myros1package' returned '0': PYTHONPATH=/home/razanhmede/ros1hw_ws_razan/rosassignment1/build/myros1package/prefix_override:/usr/lib/python3/dist-packages/colcon_core/task/python/colcon_distutils_commands:/home/razanhmede/ros1hw_ws_razan/rosassignment1/install/myros1package/lib/python3.10/site-packages:${PYTHONPATH} /usr/bin/python3 -W ignore:setup.py install is deprecated setup.py egg_info --egg-base ../../build/myros1package build --build-base /home/razanhmede/ros1hw_ws_razan/rosassignment1/build/myros1package/build install --record /home/razanhmede/ros1hw_ws_razan/rosassignment1/build/myros1package/install.log --single-version-externally-managed install_data
