[0.162s] DEBUG:colcon:Command line arguments: ['/usr/bin/colcon', 'build']
[0.162s] DEBUG:colcon:Parsed command line arguments: Namespace(log_base=None, log_level=None, verb_name='build', build_base='build', install_base='install', merge_install=False, symlink_install=False, test_result_base=None, continue_on_error=False, executor='parallel', parallel_workers=4, event_handlers=None, ignore_user_meta=False, metas=['./colcon.meta'], base_paths=['.'], packages_ignore=None, packages_ignore_regex=None, paths=None, packages_up_to=None, packages_up_to_regex=None, packages_above=None, packages_above_and_dependencies=None, packages_above_depth=None, packages_select_by_dep=None, packages_skip_by_dep=None, packages_skip_up_to=None, packages_select_build_failed=False, packages_skip_build_finished=False, packages_select_test_failures=False, packages_skip_test_passed=False, packages_select=None, packages_skip=None, packages_select_regex=None, packages_skip_regex=None, packages_start=None, packages_end=None, allow_overriding=[], cmake_args=None, cmake_target=None, cmake_target_skip_unavailable=False, cmake_clean_cache=False, cmake_clean_first=False, cmake_force_configure=False, ament_cmake_args=None, catkin_cmake_args=None, catkin_skip_building_tests=False, mixin_files=None, mixin=None, verb_parser=<colcon_mixin.mixin.mixin_argument.MixinArgumentDecorator object at 0x7c7ef33fea10>, verb_extension=<colcon_core.verb.build.BuildVerb object at 0x7c7ef33fe560>, main=<bound method BuildVerb.main of <colcon_core.verb.build.BuildVerb object at 0x7c7ef33fe560>>, mixin_verb=('build',))
[0.333s] Level 1:colcon.colcon_core.package_discovery:discover_packages(colcon_meta) check parameters
[0.333s] Level 1:colcon.colcon_core.package_discovery:discover_packages(recursive) check parameters
[0.333s] Level 1:colcon.colcon_core.package_discovery:discover_packages(ignore) check parameters
[0.333s] Level 1:colcon.colcon_core.package_discovery:discover_packages(path) check parameters
[0.334s] Level 1:colcon.colcon_core.package_discovery:discover_packages(colcon_meta) discover
[0.334s] Level 1:colcon.colcon_core.package_discovery:discover_packages(recursive) discover
[0.334s] INFO:colcon.colcon_core.package_discovery:Crawling recursively for packages in '/home/razanhmede/ros1hw_ws_razan/src/myros1package'
[0.334s] Level 1:colcon.colcon_core.package_identification:_identify(.) by extensions ['ignore', 'ignore_ament_install']
[0.334s] Level 1:colcon.colcon_core.package_identification:_identify(.) by extension 'ignore'
[0.334s] Level 1:colcon.colcon_core.package_identification:_identify(.) by extension 'ignore_ament_install'
[0.334s] Level 1:colcon.colcon_core.package_identification:_identify(.) by extensions ['colcon_pkg']
[0.335s] Level 1:colcon.colcon_core.package_identification:_identify(.) by extension 'colcon_pkg'
[0.335s] Level 1:colcon.colcon_core.package_identification:_identify(.) by extensions ['colcon_meta']
[0.335s] Level 1:colcon.colcon_core.package_identification:_identify(.) by extension 'colcon_meta'
[0.335s] Level 1:colcon.colcon_core.package_identification:_identify(.) by extensions ['ros']
[0.335s] Level 1:colcon.colcon_core.package_identification:_identify(.) by extension 'ros'
[0.359s] DEBUG:colcon.colcon_core.package_identification:Package '.' with type 'ros.ament_python' and name 'myros1package'
[0.360s] Level 1:colcon.colcon_core.package_discovery:discover_packages(recursive) using defaults
[0.360s] Level 1:colcon.colcon_core.package_discovery:discover_packages(ignore) discover
[0.360s] Level 1:colcon.colcon_core.package_discovery:discover_packages(ignore) using defaults
[0.360s] Level 1:colcon.colcon_core.package_discovery:discover_packages(path) discover
[0.360s] Level 1:colcon.colcon_core.package_discovery:discover_packages(path) using defaults
[0.378s] Level 1:colcon.colcon_core.package_discovery:discover_packages(prefix_path) check parameters
[0.378s] Level 1:colcon.colcon_core.package_discovery:discover_packages(prefix_path) discover
[0.380s] DEBUG:colcon.colcon_installed_package_information.package_discovery:Found 1 installed packages in /home/razanhmede/ros1hw_ws_razan/src/myros1package/install
[0.380s] DEBUG:colcon.colcon_installed_package_information.package_discovery:Found 1 installed packages in /home/razanhmede/ros1hw_ws_razan/install
[0.382s] DEBUG:colcon.colcon_installed_package_information.package_discovery:Found 270 installed packages in /opt/ros/humble
[0.383s] Level 1:colcon.colcon_core.package_discovery:discover_packages(prefix_path) using defaults
[0.426s] Level 5:colcon.colcon_core.verb:set package 'myros1package' build argument 'cmake_args' from command line to 'None'
[0.426s] Level 5:colcon.colcon_core.verb:set package 'myros1package' build argument 'cmake_target' from command line to 'None'
[0.426s] Level 5:colcon.colcon_core.verb:set package 'myros1package' build argument 'cmake_target_skip_unavailable' from command line to 'False'
[0.426s] Level 5:colcon.colcon_core.verb:set package 'myros1package' build argument 'cmake_clean_cache' from command line to 'False'
[0.426s] Level 5:colcon.colcon_core.verb:set package 'myros1package' build argument 'cmake_clean_first' from command line to 'False'
[0.426s] Level 5:colcon.colcon_core.verb:set package 'myros1package' build argument 'cmake_force_configure' from command line to 'False'
[0.427s] Level 5:colcon.colcon_core.verb:set package 'myros1package' build argument 'ament_cmake_args' from command line to 'None'
[0.427s] Level 5:colcon.colcon_core.verb:set package 'myros1package' build argument 'catkin_cmake_args' from command line to 'None'
[0.427s] Level 5:colcon.colcon_core.verb:set package 'myros1package' build argument 'catkin_skip_building_tests' from command line to 'False'
[0.427s] DEBUG:colcon.colcon_core.verb:Building package 'myros1package' with the following arguments: {'ament_cmake_args': None, 'build_base': '/home/razanhmede/ros1hw_ws_razan/src/myros1package/build/myros1package', 'catkin_cmake_args': None, 'catkin_skip_building_tests': False, 'cmake_args': None, 'cmake_clean_cache': False, 'cmake_clean_first': False, 'cmake_force_configure': False, 'cmake_target': None, 'cmake_target_skip_unavailable': False, 'install_base': '/home/razanhmede/ros1hw_ws_razan/src/myros1package/install/myros1package', 'merge_install': False, 'path': '/home/razanhmede/ros1hw_ws_razan/src/myros1package', 'symlink_install': False, 'test_result_base': None}
[0.427s] INFO:colcon.colcon_core.executor:Executing jobs using 'parallel' executor
[0.428s] DEBUG:colcon.colcon_parallel_executor.executor.parallel:run_until_complete
[0.429s] INFO:colcon.colcon_ros.task.ament_python.build:Building ROS package in '/home/razanhmede/ros1hw_ws_razan/src/myros1package' with build type 'ament_python'
[0.429s] Level 1:colcon.colcon_core.shell:create_environment_hook('myros1package', 'ament_prefix_path')
[0.431s] INFO:colcon.colcon_core.plugin_system:Skipping extension 'colcon_core.shell.bat': Not used on non-Windows systems
[0.431s] INFO:colcon.colcon_core.shell:Creating environment hook '/home/razanhmede/ros1hw_ws_razan/src/myros1package/install/myros1package/share/myros1package/hook/ament_prefix_path.ps1'
[0.432s] INFO:colcon.colcon_core.shell:Creating environment descriptor '/home/razanhmede/ros1hw_ws_razan/src/myros1package/install/myros1package/share/myros1package/hook/ament_prefix_path.dsv'
[0.433s] INFO:colcon.colcon_core.shell:Creating environment hook '/home/razanhmede/ros1hw_ws_razan/src/myros1package/install/myros1package/share/myros1package/hook/ament_prefix_path.sh'
[0.433s] INFO:colcon.colcon_core.shell:Skip shell extension 'powershell' for command environment: Not usable outside of PowerShell
[0.434s] DEBUG:colcon.colcon_core.shell:Skip shell extension 'dsv' for command environment
[0.688s] WARNING:colcon.colcon_ros.task.ament_python.build:Package 'myros1package' doesn't explicitly install a marker in the package index (colcon-ros currently does it implicitly but that fallback will be removed in the future)
[0.689s] INFO:colcon.colcon_core.task.python.build:Building Python package in '/home/razanhmede/ros1hw_ws_razan/src/myros1package'
[0.689s] INFO:colcon.colcon_core.shell:Skip shell extension 'powershell' for command environment: Not usable outside of PowerShell
[0.690s] DEBUG:colcon.colcon_core.shell:Skip shell extension 'dsv' for command environment
[1.045s] DEBUG:colcon.colcon_core.event_handler.log_command:Invoking command in '/home/razanhmede/ros1hw_ws_razan/src/myros1package': PYTHONPATH=/home/razanhmede/ros1hw_ws_razan/src/myros1package/build/myros1package/prefix_override:/usr/lib/python3/dist-packages/colcon_core/task/python/colcon_distutils_commands:/home/razanhmede/ros1hw_ws_razan/src/myros1package/install/myros1package/lib/python3.10/site-packages:${PYTHONPATH} /usr/bin/python3 -W ignore:setup.py install is deprecated setup.py egg_info --egg-base build/myros1package build --build-base /home/razanhmede/ros1hw_ws_razan/src/myros1package/build/myros1package/build install --record /home/razanhmede/ros1hw_ws_razan/src/myros1package/build/myros1package/install.log --single-version-externally-managed install_data
[1.341s] DEBUG:colcon.colcon_core.event_handler.log_command:Invoked command in '/home/razanhmede/ros1hw_ws_razan/src/myros1package' returned '0': PYTHONPATH=/home/razanhmede/ros1hw_ws_razan/src/myros1package/build/myros1package/prefix_override:/usr/lib/python3/dist-packages/colcon_core/task/python/colcon_distutils_commands:/home/razanhmede/ros1hw_ws_razan/src/myros1package/install/myros1package/lib/python3.10/site-packages:${PYTHONPATH} /usr/bin/python3 -W ignore:setup.py install is deprecated setup.py egg_info --egg-base build/myros1package build --build-base /home/razanhmede/ros1hw_ws_razan/src/myros1package/build/myros1package/build install --record /home/razanhmede/ros1hw_ws_razan/src/myros1package/build/myros1package/install.log --single-version-externally-managed install_data
[1.343s] Level 1:colcon.colcon_core.environment:checking '/home/razanhmede/ros1hw_ws_razan/src/myros1package/install/myros1package' for CMake module files
[1.343s] Level 1:colcon.colcon_core.environment:checking '/home/razanhmede/ros1hw_ws_razan/src/myros1package/install/myros1package' for CMake config files
[1.344s] Level 1:colcon.colcon_core.environment:checking '/home/razanhmede/ros1hw_ws_razan/src/myros1package/install/myros1package/lib'
[1.344s] Level 1:colcon.colcon_core.environment:checking '/home/razanhmede/ros1hw_ws_razan/src/myros1package/install/myros1package/bin'
[1.344s] Level 1:colcon.colcon_core.environment:checking '/home/razanhmede/ros1hw_ws_razan/src/myros1package/install/myros1package/lib/pkgconfig/myros1package.pc'
[1.344s] Level 1:colcon.colcon_core.environment:checking '/home/razanhmede/ros1hw_ws_razan/src/myros1package/install/myros1package/lib/python3.10/site-packages'
[1.344s] Level 1:colcon.colcon_core.shell:create_environment_hook('myros1package', 'pythonpath')
[1.345s] INFO:colcon.colcon_core.shell:Creating environment hook '/home/razanhmede/ros1hw_ws_razan/src/myros1package/install/myros1package/share/myros1package/hook/pythonpath.ps1'
[1.345s] INFO:colcon.colcon_core.shell:Creating environment descriptor '/home/razanhmede/ros1hw_ws_razan/src/myros1package/install/myros1package/share/myros1package/hook/pythonpath.dsv'
[1.346s] INFO:colcon.colcon_core.shell:Creating environment hook '/home/razanhmede/ros1hw_ws_razan/src/myros1package/install/myros1package/share/myros1package/hook/pythonpath.sh'
[1.346s] Level 1:colcon.colcon_core.environment:checking '/home/razanhmede/ros1hw_ws_razan/src/myros1package/install/myros1package/bin'
[1.346s] Level 1:colcon.colcon_core.environment:create_environment_scripts_only(myros1package)
[1.347s] INFO:colcon.colcon_core.shell:Creating package script '/home/razanhmede/ros1hw_ws_razan/src/myros1package/install/myros1package/share/myros1package/package.ps1'
[1.347s] INFO:colcon.colcon_core.shell:Creating package descriptor '/home/razanhmede/ros1hw_ws_razan/src/myros1package/install/myros1package/share/myros1package/package.dsv'
[1.348s] INFO:colcon.colcon_core.shell:Creating package script '/home/razanhmede/ros1hw_ws_razan/src/myros1package/install/myros1package/share/myros1package/package.sh'
[1.349s] INFO:colcon.colcon_core.shell:Creating package script '/home/razanhmede/ros1hw_ws_razan/src/myros1package/install/myros1package/share/myros1package/package.bash'
[1.350s] INFO:colcon.colcon_core.shell:Creating package script '/home/razanhmede/ros1hw_ws_razan/src/myros1package/install/myros1package/share/myros1package/package.zsh'
[1.351s] Level 1:colcon.colcon_core.environment:create_file_with_runtime_dependencies(/home/razanhmede/ros1hw_ws_razan/src/myros1package/install/myros1package/share/colcon-core/packages/myros1package)
[1.351s] DEBUG:colcon.colcon_parallel_executor.executor.parallel:closing loop
[1.352s] DEBUG:colcon.colcon_parallel_executor.executor.parallel:loop closed
[1.352s] DEBUG:colcon.colcon_parallel_executor.executor.parallel:run_until_complete finished with '0'
[1.352s] DEBUG:colcon.colcon_core.event_reactor:joining thread
[1.357s] INFO:colcon.colcon_core.plugin_system:Skipping extension 'colcon_notification.desktop_notification.terminal_notifier': Not used on non-Darwin systems
[1.357s] INFO:colcon.colcon_core.plugin_system:Skipping extension 'colcon_notification.desktop_notification.win32': Not used on non-Windows systems
[1.357s] INFO:colcon.colcon_notification.desktop_notification:Sending desktop notification using 'notify2'
[1.372s] DEBUG:colcon.colcon_core.event_reactor:joined thread
[1.372s] INFO:colcon.colcon_core.shell:Creating prefix script '/home/razanhmede/ros1hw_ws_razan/src/myros1package/install/local_setup.ps1'
[1.374s] INFO:colcon.colcon_core.shell:Creating prefix util module '/home/razanhmede/ros1hw_ws_razan/src/myros1package/install/_local_setup_util_ps1.py'
[1.378s] INFO:colcon.colcon_core.shell:Creating prefix chain script '/home/razanhmede/ros1hw_ws_razan/src/myros1package/install/setup.ps1'
[1.379s] INFO:colcon.colcon_core.shell:Creating prefix script '/home/razanhmede/ros1hw_ws_razan/src/myros1package/install/local_setup.sh'
[1.381s] INFO:colcon.colcon_core.shell:Creating prefix util module '/home/razanhmede/ros1hw_ws_razan/src/myros1package/install/_local_setup_util_sh.py'
[1.381s] INFO:colcon.colcon_core.shell:Creating prefix chain script '/home/razanhmede/ros1hw_ws_razan/src/myros1package/install/setup.sh'
[1.383s] INFO:colcon.colcon_core.shell:Creating prefix script '/home/razanhmede/ros1hw_ws_razan/src/myros1package/install/local_setup.bash'
[1.384s] INFO:colcon.colcon_core.shell:Creating prefix chain script '/home/razanhmede/ros1hw_ws_razan/src/myros1package/install/setup.bash'
[1.386s] INFO:colcon.colcon_core.shell:Creating prefix script '/home/razanhmede/ros1hw_ws_razan/src/myros1package/install/local_setup.zsh'
[1.387s] INFO:colcon.colcon_core.shell:Creating prefix chain script '/home/razanhmede/ros1hw_ws_razan/src/myros1package/install/setup.zsh'
