[1.405s] DEBUG:colcon:Command line arguments: ['/usr/bin/colcon', 'build']
[1.405s] DEBUG:colcon:Parsed command line arguments: Namespace(log_base=None, log_level=None, verb_name='build', build_base='build', install_base='install', merge_install=False, symlink_install=False, test_result_base=None, continue_on_error=False, executor='parallel', parallel_workers=4, event_handlers=None, ignore_user_meta=False, metas=['./colcon.meta'], base_paths=['.'], packages_ignore=None, packages_ignore_regex=None, paths=None, packages_up_to=None, packages_up_to_regex=None, packages_above=None, packages_above_and_dependencies=None, packages_above_depth=None, packages_select_by_dep=None, packages_skip_by_dep=None, packages_skip_up_to=None, packages_select_build_failed=False, packages_skip_build_finished=False, packages_select_test_failures=False, packages_skip_test_passed=False, packages_select=None, packages_skip=None, packages_select_regex=None, packages_skip_regex=None, packages_start=None, packages_end=None, allow_overriding=[], cmake_args=None, cmake_target=None, cmake_target_skip_unavailable=False, cmake_clean_cache=False, cmake_clean_first=False, cmake_force_configure=False, ament_cmake_args=None, catkin_cmake_args=None, catkin_skip_building_tests=False, mixin_files=None, mixin=None, verb_parser=<colcon_mixin.mixin.mixin_argument.MixinArgumentDecorator object at 0x75f8275d6a10>, verb_extension=<colcon_core.verb.build.BuildVerb object at 0x75f8275d6560>, main=<bound method BuildVerb.main of <colcon_core.verb.build.BuildVerb object at 0x75f8275d6560>>, mixin_verb=('build',))
[2.227s] Level 1:colcon.colcon_core.package_discovery:discover_packages(colcon_meta) check parameters
[2.227s] Level 1:colcon.colcon_core.package_discovery:discover_packages(recursive) check parameters
[2.227s] Level 1:colcon.colcon_core.package_discovery:discover_packages(ignore) check parameters
[2.227s] Level 1:colcon.colcon_core.package_discovery:discover_packages(path) check parameters
[2.227s] Level 1:colcon.colcon_core.package_discovery:discover_packages(colcon_meta) discover
[2.227s] Level 1:colcon.colcon_core.package_discovery:discover_packages(recursive) discover
[2.227s] INFO:colcon.colcon_core.package_discovery:Crawling recursively for packages in '/home/razanhmede/ros1hw_ws_razan/src/myros1package'
[2.227s] Level 1:colcon.colcon_core.package_identification:_identify(.) by extensions ['ignore', 'ignore_ament_install']
[2.227s] Level 1:colcon.colcon_core.package_identification:_identify(.) by extension 'ignore'
[2.227s] Level 1:colcon.colcon_core.package_identification:_identify(.) by extension 'ignore_ament_install'
[2.228s] Level 1:colcon.colcon_core.package_identification:_identify(.) by extensions ['colcon_pkg']
[2.228s] Level 1:colcon.colcon_core.package_identification:_identify(.) by extension 'colcon_pkg'
[2.228s] Level 1:colcon.colcon_core.package_identification:_identify(.) by extensions ['colcon_meta']
[2.228s] Level 1:colcon.colcon_core.package_identification:_identify(.) by extension 'colcon_meta'
[2.228s] Level 1:colcon.colcon_core.package_identification:_identify(.) by extensions ['ros']
[2.228s] Level 1:colcon.colcon_core.package_identification:_identify(.) by extension 'ros'
[2.241s] DEBUG:colcon.colcon_core.package_identification:Package '.' with type 'ros.ament_python' and name 'myros1package'
[2.241s] Level 1:colcon.colcon_core.package_discovery:discover_packages(recursive) using defaults
[2.241s] Level 1:colcon.colcon_core.package_discovery:discover_packages(ignore) discover
[2.241s] Level 1:colcon.colcon_core.package_discovery:discover_packages(ignore) using defaults
[2.242s] Level 1:colcon.colcon_core.package_discovery:discover_packages(path) discover
[2.242s] Level 1:colcon.colcon_core.package_discovery:discover_packages(path) using defaults
[2.323s] Level 1:colcon.colcon_core.package_discovery:discover_packages(prefix_path) check parameters
[2.323s] Level 1:colcon.colcon_core.package_discovery:discover_packages(prefix_path) discover
[2.325s] DEBUG:colcon.colcon_installed_package_information.package_discovery:Found 1 installed packages in /home/razanhmede/ros1hw_ws_razan/src/myros1package/install
[2.326s] DEBUG:colcon.colcon_installed_package_information.package_discovery:Found 1 installed packages in /home/razanhmede/ros1hw_ws_razan/install
[2.343s] DEBUG:colcon.colcon_installed_package_information.package_discovery:Found 270 installed packages in /opt/ros/humble
[2.345s] Level 1:colcon.colcon_core.package_discovery:discover_packages(prefix_path) using defaults
[3.791s] Level 5:colcon.colcon_core.verb:set package 'myros1package' build argument 'cmake_args' from command line to 'None'
[3.792s] Level 5:colcon.colcon_core.verb:set package 'myros1package' build argument 'cmake_target' from command line to 'None'
[3.792s] Level 5:colcon.colcon_core.verb:set package 'myros1package' build argument 'cmake_target_skip_unavailable' from command line to 'False'
[3.792s] Level 5:colcon.colcon_core.verb:set package 'myros1package' build argument 'cmake_clean_cache' from command line to 'False'
[3.792s] Level 5:colcon.colcon_core.verb:set package 'myros1package' build argument 'cmake_clean_first' from command line to 'False'
[3.792s] Level 5:colcon.colcon_core.verb:set package 'myros1package' build argument 'cmake_force_configure' from command line to 'False'
[3.792s] Level 5:colcon.colcon_core.verb:set package 'myros1package' build argument 'ament_cmake_args' from command line to 'None'
[3.792s] Level 5:colcon.colcon_core.verb:set package 'myros1package' build argument 'catkin_cmake_args' from command line to 'None'
[3.792s] Level 5:colcon.colcon_core.verb:set package 'myros1package' build argument 'catkin_skip_building_tests' from command line to 'False'
[3.792s] DEBUG:colcon.colcon_core.verb:Building package 'myros1package' with the following arguments: {'ament_cmake_args': None, 'build_base': '/home/razanhmede/ros1hw_ws_razan/src/myros1package/build/myros1package', 'catkin_cmake_args': None, 'catkin_skip_building_tests': False, 'cmake_args': None, 'cmake_clean_cache': False, 'cmake_clean_first': False, 'cmake_force_configure': False, 'cmake_target': None, 'cmake_target_skip_unavailable': False, 'install_base': '/home/razanhmede/ros1hw_ws_razan/src/myros1package/install/myros1package', 'merge_install': False, 'path': '/home/razanhmede/ros1hw_ws_razan/src/myros1package', 'symlink_install': False, 'test_result_base': None}
[3.792s] INFO:colcon.colcon_core.executor:Executing jobs using 'parallel' executor
[3.793s] DEBUG:colcon.colcon_parallel_executor.executor.parallel:run_until_complete
[3.794s] INFO:colcon.colcon_ros.task.ament_python.build:Building ROS package in '/home/razanhmede/ros1hw_ws_razan/src/myros1package' with build type 'ament_python'
[3.794s] Level 1:colcon.colcon_core.shell:create_environment_hook('myros1package', 'ament_prefix_path')
[3.796s] INFO:colcon.colcon_core.plugin_system:Skipping extension 'colcon_core.shell.bat': Not used on non-Windows systems
[3.796s] INFO:colcon.colcon_core.shell:Creating environment hook '/home/razanhmede/ros1hw_ws_razan/src/myros1package/install/myros1package/share/myros1package/hook/ament_prefix_path.ps1'
[3.797s] INFO:colcon.colcon_core.shell:Creating environment descriptor '/home/razanhmede/ros1hw_ws_razan/src/myros1package/install/myros1package/share/myros1package/hook/ament_prefix_path.dsv'
[3.797s] INFO:colcon.colcon_core.shell:Creating environment hook '/home/razanhmede/ros1hw_ws_razan/src/myros1package/install/myros1package/share/myros1package/hook/ament_prefix_path.sh'
[3.798s] INFO:colcon.colcon_core.shell:Skip shell extension 'powershell' for command environment: Not usable outside of PowerShell
[3.798s] DEBUG:colcon.colcon_core.shell:Skip shell extension 'dsv' for command environment
[4.084s] WARNING:colcon.colcon_ros.task.ament_python.build:Package 'myros1package' doesn't explicitly install a marker in the package index (colcon-ros currently does it implicitly but that fallback will be removed in the future)
[4.084s] INFO:colcon.colcon_core.task.python.build:Building Python package in '/home/razanhmede/ros1hw_ws_razan/src/myros1package'
[4.084s] INFO:colcon.colcon_core.shell:Skip shell extension 'powershell' for command environment: Not usable outside of PowerShell
[4.085s] DEBUG:colcon.colcon_core.shell:Skip shell extension 'dsv' for command environment
[4.504s] DEBUG:colcon.colcon_core.event_handler.log_command:Invoking command in '/home/razanhmede/ros1hw_ws_razan/src/myros1package': PYTHONPATH=/home/razanhmede/ros1hw_ws_razan/src/myros1package/build/myros1package/prefix_override:/usr/lib/python3/dist-packages/colcon_core/task/python/colcon_distutils_commands:/home/razanhmede/ros1hw_ws_razan/src/myros1package/install/myros1package/lib/python3.10/site-packages:${PYTHONPATH} /usr/bin/python3 -W ignore:setup.py install is deprecated setup.py egg_info --egg-base build/myros1package build --build-base /home/razanhmede/ros1hw_ws_razan/src/myros1package/build/myros1package/build install --record /home/razanhmede/ros1hw_ws_razan/src/myros1package/build/myros1package/install.log --single-version-externally-managed install_data
[4.824s] DEBUG:colcon.colcon_core.event_handler.log_command:Invoked command in '/home/razanhmede/ros1hw_ws_razan/src/myros1package' returned '0': PYTHONPATH=/home/razanhmede/ros1hw_ws_razan/src/myros1package/build/myros1package/prefix_override:/usr/lib/python3/dist-packages/colcon_core/task/python/colcon_distutils_commands:/home/razanhmede/ros1hw_ws_razan/src/myros1package/install/myros1package/lib/python3.10/site-packages:${PYTHONPATH} /usr/bin/python3 -W ignore:setup.py install is deprecated setup.py egg_info --egg-base build/myros1package build --build-base /home/razanhmede/ros1hw_ws_razan/src/myros1package/build/myros1package/build install --record /home/razanhmede/ros1hw_ws_razan/src/myros1package/build/myros1package/install.log --single-version-externally-managed install_data
[4.828s] Level 1:colcon.colcon_core.environment:checking '/home/razanhmede/ros1hw_ws_razan/src/myros1package/install/myros1package' for CMake module files
[4.829s] Level 1:colcon.colcon_core.environment:checking '/home/razanhmede/ros1hw_ws_razan/src/myros1package/install/myros1package' for CMake config files
[4.830s] Level 1:colcon.colcon_core.environment:checking '/home/razanhmede/ros1hw_ws_razan/src/myros1package/install/myros1package/lib'
[4.831s] Level 1:colcon.colcon_core.environment:checking '/home/razanhmede/ros1hw_ws_razan/src/myros1package/install/myros1package/bin'
[4.831s] Level 1:colcon.colcon_core.environment:checking '/home/razanhmede/ros1hw_ws_razan/src/myros1package/install/myros1package/lib/pkgconfig/myros1package.pc'
[4.832s] Level 1:colcon.colcon_core.environment:checking '/home/razanhmede/ros1hw_ws_razan/src/myros1package/install/myros1package/lib/python3.10/site-packages'
[4.832s] Level 1:colcon.colcon_core.shell:create_environment_hook('myros1package', 'pythonpath')
[4.832s] INFO:colcon.colcon_core.shell:Creating environment hook '/home/razanhmede/ros1hw_ws_razan/src/myros1package/install/myros1package/share/myros1package/hook/pythonpath.ps1'
[4.837s] INFO:colcon.colcon_core.shell:Creating environment descriptor '/home/razanhmede/ros1hw_ws_razan/src/myros1package/install/myros1package/share/myros1package/hook/pythonpath.dsv'
[4.837s] INFO:colcon.colcon_core.shell:Creating environment hook '/home/razanhmede/ros1hw_ws_razan/src/myros1package/install/myros1package/share/myros1package/hook/pythonpath.sh'
[4.838s] Level 1:colcon.colcon_core.environment:checking '/home/razanhmede/ros1hw_ws_razan/src/myros1package/install/myros1package/bin'
[4.839s] Level 1:colcon.colcon_core.environment:create_environment_scripts_only(myros1package)
[4.839s] INFO:colcon.colcon_core.shell:Creating package script '/home/razanhmede/ros1hw_ws_razan/src/myros1package/install/myros1package/share/myros1package/package.ps1'
[4.841s] INFO:colcon.colcon_core.shell:Creating package descriptor '/home/razanhmede/ros1hw_ws_razan/src/myros1package/install/myros1package/share/myros1package/package.dsv'
[4.842s] INFO:colcon.colcon_core.shell:Creating package script '/home/razanhmede/ros1hw_ws_razan/src/myros1package/install/myros1package/share/myros1package/package.sh'
[4.843s] INFO:colcon.colcon_core.shell:Creating package script '/home/razanhmede/ros1hw_ws_razan/src/myros1package/install/myros1package/share/myros1package/package.bash'
[4.844s] INFO:colcon.colcon_core.shell:Creating package script '/home/razanhmede/ros1hw_ws_razan/src/myros1package/install/myros1package/share/myros1package/package.zsh'
[4.845s] Level 1:colcon.colcon_core.environment:create_file_with_runtime_dependencies(/home/razanhmede/ros1hw_ws_razan/src/myros1package/install/myros1package/share/colcon-core/packages/myros1package)
[4.846s] DEBUG:colcon.colcon_parallel_executor.executor.parallel:closing loop
[4.846s] DEBUG:colcon.colcon_parallel_executor.executor.parallel:loop closed
[4.846s] DEBUG:colcon.colcon_parallel_executor.executor.parallel:run_until_complete finished with '0'
[4.847s] DEBUG:colcon.colcon_core.event_reactor:joining thread
[4.852s] INFO:colcon.colcon_core.plugin_system:Skipping extension 'colcon_notification.desktop_notification.terminal_notifier': Not used on non-Darwin systems
[4.852s] INFO:colcon.colcon_core.plugin_system:Skipping extension 'colcon_notification.desktop_notification.win32': Not used on non-Windows systems
[4.852s] INFO:colcon.colcon_notification.desktop_notification:Sending desktop notification using 'notify2'
[4.867s] DEBUG:colcon.colcon_core.event_reactor:joined thread
[4.868s] INFO:colcon.colcon_core.shell:Creating prefix script '/home/razanhmede/ros1hw_ws_razan/src/myros1package/install/local_setup.ps1'
[4.869s] INFO:colcon.colcon_core.shell:Creating prefix util module '/home/razanhmede/ros1hw_ws_razan/src/myros1package/install/_local_setup_util_ps1.py'
[4.870s] INFO:colcon.colcon_core.shell:Creating prefix chain script '/home/razanhmede/ros1hw_ws_razan/src/myros1package/install/setup.ps1'
[4.872s] INFO:colcon.colcon_core.shell:Creating prefix script '/home/razanhmede/ros1hw_ws_razan/src/myros1package/install/local_setup.sh'
[4.873s] INFO:colcon.colcon_core.shell:Creating prefix util module '/home/razanhmede/ros1hw_ws_razan/src/myros1package/install/_local_setup_util_sh.py'
[4.875s] INFO:colcon.colcon_core.shell:Creating prefix chain script '/home/razanhmede/ros1hw_ws_razan/src/myros1package/install/setup.sh'
[4.876s] INFO:colcon.colcon_core.shell:Creating prefix script '/home/razanhmede/ros1hw_ws_razan/src/myros1package/install/local_setup.bash'
[4.877s] INFO:colcon.colcon_core.shell:Creating prefix chain script '/home/razanhmede/ros1hw_ws_razan/src/myros1package/install/setup.bash'
[4.879s] INFO:colcon.colcon_core.shell:Creating prefix script '/home/razanhmede/ros1hw_ws_razan/src/myros1package/install/local_setup.zsh'
[4.879s] INFO:colcon.colcon_core.shell:Creating prefix chain script '/home/razanhmede/ros1hw_ws_razan/src/myros1package/install/setup.zsh'
