[0.651s] Invoking command in '/home/razanhmede/ros1hw_ws_razan/rosassignment1/src/myros1package': PYTHONPATH=/home/razanhmede/ros1hw_ws_razan/rosassignment1/build/myros1package/prefix_override:/usr/lib/python3/dist-packages/colcon_core/task/python/colcon_distutils_commands:/home/razanhmede/ros1hw_ws_razan/rosassignment1/install/myros1package/lib/python3.10/site-packages:${PYTHONPATH} /usr/bin/python3 -W ignore:setup.py install is deprecated setup.py egg_info --egg-base ../../build/myros1package build --build-base /home/razanhmede/ros1hw_ws_razan/rosassignment1/build/myros1package/build install --record /home/razanhmede/ros1hw_ws_razan/rosassignment1/build/myros1package/install.log --single-version-externally-managed install_data
[0.895s] running egg_info
[0.896s] writing ../../build/myros1package/myros1package.egg-info/PKG-INFO
[0.897s] writing dependency_links to ../../build/myros1package/myros1package.egg-info/dependency_links.txt
[0.898s] writing entry points to ../../build/myros1package/myros1package.egg-info/entry_points.txt
[0.898s] writing requirements to ../../build/myros1package/myros1package.egg-info/requires.txt
[0.899s] writing top-level names to ../../build/myros1package/myros1package.egg-info/top_level.txt
[0.902s] reading manifest file '../../build/myros1package/myros1package.egg-info/SOURCES.txt'
[0.904s] writing manifest file '../../build/myros1package/myros1package.egg-info/SOURCES.txt'
[0.904s] running build
[0.904s] running build_py
[0.904s] copying myros1package/threshold_subscriber.py -> /home/razanhmede/ros1hw_ws_razan/rosassignment1/build/myros1package/build/lib/myros1package
[0.905s] copying myros1package/temperature_logger.py -> /home/razanhmede/ros1hw_ws_razan/rosassignment1/build/myros1package/build/lib/myros1package
[0.905s] copying myros1package/alert_publisher.py -> /home/razanhmede/ros1hw_ws_razan/rosassignment1/build/myros1package/build/lib/myros1package
[0.905s] running install
[0.906s] running install_lib
[0.907s] copying /home/razanhmede/ros1hw_ws_razan/rosassignment1/build/myros1package/build/lib/myros1package/threshold_subscriber.py -> /home/razanhmede/ros1hw_ws_razan/rosassignment1/install/myros1package/lib/python3.10/site-packages/myros1package
[0.907s] copying /home/razanhmede/ros1hw_ws_razan/rosassignment1/build/myros1package/build/lib/myros1package/temperature_logger.py -> /home/razanhmede/ros1hw_ws_razan/rosassignment1/install/myros1package/lib/python3.10/site-packages/myros1package
[0.907s] copying /home/razanhmede/ros1hw_ws_razan/rosassignment1/build/myros1package/build/lib/myros1package/alert_publisher.py -> /home/razanhmede/ros1hw_ws_razan/rosassignment1/install/myros1package/lib/python3.10/site-packages/myros1package
[0.908s] byte-compiling /home/razanhmede/ros1hw_ws_razan/rosassignment1/install/myros1package/lib/python3.10/site-packages/myros1package/threshold_subscriber.py to threshold_subscriber.cpython-310.pyc
[0.909s] byte-compiling /home/razanhmede/ros1hw_ws_razan/rosassignment1/install/myros1package/lib/python3.10/site-packages/myros1package/temperature_logger.py to temperature_logger.cpython-310.pyc
[0.910s] byte-compiling /home/razanhmede/ros1hw_ws_razan/rosassignment1/install/myros1package/lib/python3.10/site-packages/myros1package/alert_publisher.py to alert_publisher.cpython-310.pyc
[0.911s] running install_data
[0.911s] running install_egg_info
[0.915s] removing '/home/razanhmede/ros1hw_ws_razan/rosassignment1/install/myros1package/lib/python3.10/site-packages/myros1package-0.0.0-py3.10.egg-info' (and everything under it)
[0.915s] Copying ../../build/myros1package/myros1package.egg-info to /home/razanhmede/ros1hw_ws_razan/rosassignment1/install/myros1package/lib/python3.10/site-packages/myros1package-0.0.0-py3.10.egg-info
[0.916s] running install_scripts
[0.944s] Installing alert_publisher script to /home/razanhmede/ros1hw_ws_razan/rosassignment1/install/myros1package/lib/myros1package
[0.945s] Installing temperature_logger script to /home/razanhmede/ros1hw_ws_razan/rosassignment1/install/myros1package/lib/myros1package
[0.945s] Installing temperature_publisher script to /home/razanhmede/ros1hw_ws_razan/rosassignment1/install/myros1package/lib/myros1package
[0.945s] Installing threshold_subscriber script to /home/razanhmede/ros1hw_ws_razan/rosassignment1/install/myros1package/lib/myros1package
[0.945s] writing list of installed files to '/home/razanhmede/ros1hw_ws_razan/rosassignment1/build/myros1package/install.log'
[0.976s] Invoked command in '/home/razanhmede/ros1hw_ws_razan/rosassignment1/src/myros1package' returned '0': PYTHONPATH=/home/razanhmede/ros1hw_ws_razan/rosassignment1/build/myros1package/prefix_override:/usr/lib/python3/dist-packages/colcon_core/task/python/colcon_distutils_commands:/home/razanhmede/ros1hw_ws_razan/rosassignment1/install/myros1package/lib/python3.10/site-packages:${PYTHONPATH} /usr/bin/python3 -W ignore:setup.py install is deprecated setup.py egg_info --egg-base ../../build/myros1package build --build-base /home/razanhmede/ros1hw_ws_razan/rosassignment1/build/myros1package/build install --record /home/razanhmede/ros1hw_ws_razan/rosassignment1/build/myros1package/install.log --single-version-externally-managed install_data
