[0.693s] Invoking command in '/home/razanhmede/ros1hw_ws_razan/src/myros1package': PYTHONPATH=/home/razanhmede/ros1hw_ws_razan/build/myros1package/prefix_override:/usr/lib/python3/dist-packages/colcon_core/task/python/colcon_distutils_commands:/home/razanhmede/ros1hw_ws_razan/install/myros1package/lib/python3.10/site-packages:${PYTHONPATH} /usr/bin/python3 -W ignore:setup.py install is deprecated setup.py egg_info --egg-base ../../build/myros1package build --build-base /home/razanhmede/ros1hw_ws_razan/build/myros1package/build install --record /home/razanhmede/ros1hw_ws_razan/build/myros1package/install.log --single-version-externally-managed install_data
[0.946s] running egg_info
[0.947s] writing ../../build/myros1package/myros1package.egg-info/PKG-INFO
[0.947s] writing dependency_links to ../../build/myros1package/myros1package.egg-info/dependency_links.txt
[0.947s] writing entry points to ../../build/myros1package/myros1package.egg-info/entry_points.txt
[0.947s] writing requirements to ../../build/myros1package/myros1package.egg-info/requires.txt
[0.947s] writing top-level names to ../../build/myros1package/myros1package.egg-info/top_level.txt
[0.949s] reading manifest file '../../build/myros1package/myros1package.egg-info/SOURCES.txt'
[0.950s] writing manifest file '../../build/myros1package/myros1package.egg-info/SOURCES.txt'
[0.950s] running build
[0.950s] running build_py
[0.950s] running install
[0.950s] running install_lib
[0.952s] running install_data
[0.952s] creating /home/razanhmede/ros1hw_ws_razan/install/myros1package/share/myros1package/launch
[0.953s] copying launch/temperaturemonitorlaunch.py -> /home/razanhmede/ros1hw_ws_razan/install/myros1package/share/myros1package/launch
[0.953s] running install_egg_info
[0.955s] removing '/home/razanhmede/ros1hw_ws_razan/install/myros1package/lib/python3.10/site-packages/myros1package-0.0.0-py3.10.egg-info' (and everything under it)
[0.955s] Copying ../../build/myros1package/myros1package.egg-info to /home/razanhmede/ros1hw_ws_razan/install/myros1package/lib/python3.10/site-packages/myros1package-0.0.0-py3.10.egg-info
[0.956s] running install_scripts
[0.977s] Installing temperature_publisher script to /home/razanhmede/ros1hw_ws_razan/install/myros1package/lib/myros1package
[0.977s] writing list of installed files to '/home/razanhmede/ros1hw_ws_razan/build/myros1package/install.log'
[1.008s] Invoked command in '/home/razanhmede/ros1hw_ws_razan/src/myros1package' returned '0': PYTHONPATH=/home/razanhmede/ros1hw_ws_razan/build/myros1package/prefix_override:/usr/lib/python3/dist-packages/colcon_core/task/python/colcon_distutils_commands:/home/razanhmede/ros1hw_ws_razan/install/myros1package/lib/python3.10/site-packages:${PYTHONPATH} /usr/bin/python3 -W ignore:setup.py install is deprecated setup.py egg_info --egg-base ../../build/myros1package build --build-base /home/razanhmede/ros1hw_ws_razan/build/myros1package/build install --record /home/razanhmede/ros1hw_ws_razan/build/myros1package/install.log --single-version-externally-managed install_data
